ARM GAS  C:\Users\julei\AppData\Local\Temp\cc3Ta1MN.s 			page 1


   1              		.syntax unified
   2              		.cpu cortex-m3
   3              		.fpu softvfp
   4              		.eabi_attribute 20, 1
   5              		.eabi_attribute 21, 1
   6              		.eabi_attribute 23, 3
   7              		.eabi_attribute 24, 1
   8              		.eabi_attribute 25, 1
   9              		.eabi_attribute 26, 1
  10              		.eabi_attribute 30, 1
  11              		.eabi_attribute 34, 1
  12              		.eabi_attribute 18, 4
  13              		.thumb
  14              		.syntax unified
  15              		.file	"main.c"
  16              		.text
  17              	.Ltext0:
  18              		.cfi_sections	.debug_frame
  19              		.section	.text.main,"ax",%progbits
  20              		.align	2
  21              		.global	main
  22              		.thumb
  23              		.thumb_func
  24              		.type	main, %function
  25              	main:
  26              	.LFB64:
  27              		.file 1 "main.c"
   1:main.c        **** /* ========================================
   2:main.c        ****  *
   3:main.c        ****  * Copyright YOUR COMPANY, THE YEAR
   4:main.c        ****  * All Rights Reserved
   5:main.c        ****  * UNPUBLISHED, LICENSED SOFTWARE.
   6:main.c        ****  *
   7:main.c        ****  * CONFIDENTIAL AND PROPRIETARY INFORMATION
   8:main.c        ****  * WHICH IS THE PROPERTY OF your company.
   9:main.c        ****  *
  10:main.c        ****  * ========================================
  11:main.c        **** */
  12:main.c        **** #include "project.h"
  13:main.c        **** #include <stdio.h>
  14:main.c        **** 
  15:main.c        **** #define BUFFER_SIZE 256
  16:main.c        **** 
  17:main.c        **** uint8_t buffer[BUFFER_SIZE];
  18:main.c        **** uint16_t bufferIndex = 0;
  19:main.c        **** 
  20:main.c        **** int main(void)
  21:main.c        **** {
  28              		.loc 1 21 0
  29              		.cfi_startproc
  30              		@ args = 0, pretend = 0, frame = 24
  31              		@ frame_needed = 0, uses_anonymous_args = 0
  32 0000 30B5     		push	{r4, r5, lr}
  33              		.cfi_def_cfa_offset 12
  34              		.cfi_offset 4, -12
  35              		.cfi_offset 5, -8
  36              		.cfi_offset 14, -4
ARM GAS  C:\Users\julei\AppData\Local\Temp\cc3Ta1MN.s 			page 2


  37 0002 87B0     		sub	sp, sp, #28
  38              		.cfi_def_cfa_offset 40
  22:main.c        ****     CyGlobalIntEnable; /* Enable global interrupts. */
  39              		.loc 1 22 0
  40              		.syntax unified
  41              	@ 22 "main.c" 1
  42 0004 62B6     		CPSIE   i
  43              	@ 0 "" 2
  23:main.c        **** 
  24:main.c        ****     /* Start the I2C slave component */
  25:main.c        ****     I2CS_Start();
  44              		.loc 1 25 0
  45              		.thumb
  46              		.syntax unified
  47 0006 FFF7FEFF 		bl	I2CS_Start
  48              	.LVL0:
  49              	.L4:
  26:main.c        **** 
  27:main.c        ****     for (;;)
  28:main.c        ****     {
  29:main.c        ****         /* Check if there is data available to read from the I2C bus */
  30:main.c        ****         if (I2CS_SlaveStatus() & I2CS_SSTAT_RD_CMPLT)
  50              		.loc 1 30 0
  51 000a FFF7FEFF 		bl	I2CS_SlaveStatus
  52              	.LVL1:
  53 000e 10F0010F 		tst	r0, #1
  54 0012 1CD0     		beq	.L2
  55              	.LBB2:
  31:main.c        ****         {
  32:main.c        ****             /* Read the data from the I2C bus */
  33:main.c        ****             uint8_t len = I2CS_SlaveGetReadBufSize();
  56              		.loc 1 33 0
  57 0014 FFF7FEFF 		bl	I2CS_SlaveGetReadBufSize
  58              	.LVL2:
  59 0018 0546     		mov	r5, r0
  60              	.LVL3:
  34:main.c        ****             I2CS_SlaveClearReadBuf();
  61              		.loc 1 34 0
  62 001a FFF7FEFF 		bl	I2CS_SlaveClearReadBuf
  63              	.LVL4:
  35:main.c        ****             I2CS_SlaveInitReadBuf(buffer, len);
  64              		.loc 1 35 0
  65 001e 144C     		ldr	r4, .L6
  66 0020 2946     		mov	r1, r5
  67 0022 2046     		mov	r0, r4
  68 0024 FFF7FEFF 		bl	I2CS_SlaveInitReadBuf
  69              	.LVL5:
  36:main.c        **** 
  37:main.c        ****             /* Process the data */
  38:main.c        ****             printf("Received data: %s\n", buffer);
  70              		.loc 1 38 0
  71 0028 2146     		mov	r1, r4
  72 002a 1248     		ldr	r0, .L6+4
  73 002c FFF7FEFF 		bl	printf
  74              	.LVL6:
  39:main.c        **** 
  40:main.c        ****             /* Respond to the data */
ARM GAS  C:\Users\julei\AppData\Local\Temp\cc3Ta1MN.s 			page 3


  41:main.c        ****             char response[] = "Hello, Raspberry Pi!";
  75              		.loc 1 41 0
  76 0030 6C46     		mov	r4, sp
  77 0032 114D     		ldr	r5, .L6+8
  78              	.LVL7:
  79 0034 0FCD     		ldmia	r5!, {r0, r1, r2, r3}
  80 0036 0FC4     		stmia	r4!, {r0, r1, r2, r3}
  81 0038 95E80300 		ldmia	r5, {r0, r1}
  82 003c 44F8040B 		str	r0, [r4], #4
  83 0040 2170     		strb	r1, [r4]
  42:main.c        ****             I2CS_SlaveClearWriteBuf();
  84              		.loc 1 42 0
  85 0042 FFF7FEFF 		bl	I2CS_SlaveClearWriteBuf
  86              	.LVL8:
  43:main.c        ****             I2CS_SlaveInitWriteBuf(response, sizeof(response));
  87              		.loc 1 43 0
  88 0046 1521     		movs	r1, #21
  89 0048 6846     		mov	r0, sp
  90 004a FFF7FEFF 		bl	I2CS_SlaveInitWriteBuf
  91              	.LVL9:
  92              	.L2:
  93              	.LBE2:
  44:main.c        ****         }
  45:main.c        **** 
  46:main.c        ****         /* Check if there is space available to write to the I2C bus */
  47:main.c        ****         if (I2CS_SlaveStatus() & I2CS_SSTAT_WR_CMPLT)
  94              		.loc 1 47 0
  95 004e FFF7FEFF 		bl	I2CS_SlaveStatus
  96              	.LVL10:
  97 0052 10F0100F 		tst	r0, #16
  98 0056 07D0     		beq	.L3
  99              	.LBB3:
  48:main.c        ****         {
  49:main.c        ****             /* Write data to the I2C bus */
  50:main.c        ****             uint8_t len = I2CS_SlaveGetWriteBufSize();
 100              		.loc 1 50 0
 101 0058 FFF7FEFF 		bl	I2CS_SlaveGetWriteBufSize
 102              	.LVL11:
  51:main.c        ****             I2CS_SlaveClearWriteBuf();
 103              		.loc 1 51 0
 104 005c FFF7FEFF 		bl	I2CS_SlaveClearWriteBuf
 105              	.LVL12:
  52:main.c        ****             printf("Writing data: %s\n", buffer);
 106              		.loc 1 52 0
 107 0060 0349     		ldr	r1, .L6
 108 0062 0648     		ldr	r0, .L6+12
 109 0064 FFF7FEFF 		bl	printf
 110              	.LVL13:
 111              	.L3:
 112              	.LBE3:
  53:main.c        ****         }
  54:main.c        **** 
  55:main.c        ****         /* Delay to prevent overloading the processor */
  56:main.c        ****         CyDelay(1);
 113              		.loc 1 56 0
 114 0068 0120     		movs	r0, #1
 115 006a FFF7FEFF 		bl	CyDelay
ARM GAS  C:\Users\julei\AppData\Local\Temp\cc3Ta1MN.s 			page 4


 116              	.LVL14:
  57:main.c        ****     }
 117              		.loc 1 57 0
 118 006e CCE7     		b	.L4
 119              	.L7:
 120              		.align	2
 121              	.L6:
 122 0070 00000000 		.word	buffer
 123 0074 00000000 		.word	.LC0
 124 0078 28000000 		.word	.LC1
 125 007c 14000000 		.word	.LC2
 126              		.cfi_endproc
 127              	.LFE64:
 128              		.size	main, .-main
 129              		.global	bufferIndex
 130              		.comm	buffer,256,4
 131              		.section	.rodata.str1.4,"aMS",%progbits,1
 132              		.align	2
 133              	.LC0:
 134 0000 52656365 		.ascii	"Received data: %s\012\000"
 134      69766564 
 134      20646174 
 134      613A2025 
 134      730A00
 135 0013 00       		.space	1
 136              	.LC2:
 137 0014 57726974 		.ascii	"Writing data: %s\012\000"
 137      696E6720 
 137      64617461 
 137      3A202573 
 137      0A00
 138 0026 0000     		.space	2
 139              	.LC1:
 140 0028 48656C6C 		.ascii	"Hello, Raspberry Pi!\000"
 140      6F2C2052 
 140      61737062 
 140      65727279 
 140      20506921 
 141              		.bss
 142              		.align	1
 143              		.type	bufferIndex, %object
 144              		.size	bufferIndex, 2
 145              	bufferIndex:
 146 0000 0000     		.space	2
 147              		.text
 148              	.Letext0:
 149              		.file 2 "c:\\program files (x86)\\cypress\\psoc creator\\4.4\\psoc creator\\import\\gnu\\arm\\5.4.
 150              		.file 3 "c:\\program files (x86)\\cypress\\psoc creator\\4.4\\psoc creator\\import\\gnu\\arm\\5.4.
 151              		.file 4 "Generated_Source\\PSoC5/core_cm3.h"
 152              		.file 5 "Generated_Source\\PSoC5/I2CS.h"
 153              		.file 6 "c:\\program files (x86)\\cypress\\psoc creator\\4.4\\psoc creator\\import\\gnu\\arm\\5.4.
 154              		.file 7 "Generated_Source\\PSoC5/CyLib.h"
 155              		.section	.debug_info,"",%progbits
 156              	.Ldebug_info0:
 157 0000 AB020000 		.4byte	0x2ab
 158 0004 0400     		.2byte	0x4
 159 0006 00000000 		.4byte	.Ldebug_abbrev0
ARM GAS  C:\Users\julei\AppData\Local\Temp\cc3Ta1MN.s 			page 5


 160 000a 04       		.byte	0x4
 161 000b 01       		.uleb128 0x1
 162 000c CA000000 		.4byte	.LASF34
 163 0010 0C       		.byte	0xc
 164 0011 3B020000 		.4byte	.LASF35
 165 0015 3E000000 		.4byte	.LASF36
 166 0019 00000000 		.4byte	.Ldebug_ranges0+0
 167 001d 00000000 		.4byte	0
 168 0021 00000000 		.4byte	.Ldebug_line0
 169 0025 02       		.uleb128 0x2
 170 0026 01       		.byte	0x1
 171 0027 06       		.byte	0x6
 172 0028 AC020000 		.4byte	.LASF0
 173 002c 03       		.uleb128 0x3
 174 002d 17000000 		.4byte	.LASF3
 175 0031 02       		.byte	0x2
 176 0032 1D       		.byte	0x1d
 177 0033 37000000 		.4byte	0x37
 178 0037 02       		.uleb128 0x2
 179 0038 01       		.byte	0x1
 180 0039 08       		.byte	0x8
 181 003a BC000000 		.4byte	.LASF1
 182 003e 02       		.uleb128 0x2
 183 003f 02       		.byte	0x2
 184 0040 05       		.byte	0x5
 185 0041 7D020000 		.4byte	.LASF2
 186 0045 03       		.uleb128 0x3
 187 0046 8D010000 		.4byte	.LASF4
 188 004a 02       		.byte	0x2
 189 004b 2B       		.byte	0x2b
 190 004c 50000000 		.4byte	0x50
 191 0050 02       		.uleb128 0x2
 192 0051 02       		.byte	0x2
 193 0052 07       		.byte	0x7
 194 0053 2B000000 		.4byte	.LASF5
 195 0057 03       		.uleb128 0x3
 196 0058 21000000 		.4byte	.LASF6
 197 005c 02       		.byte	0x2
 198 005d 3F       		.byte	0x3f
 199 005e 62000000 		.4byte	0x62
 200 0062 02       		.uleb128 0x2
 201 0063 04       		.byte	0x4
 202 0064 05       		.byte	0x5
 203 0065 97020000 		.4byte	.LASF7
 204 0069 02       		.uleb128 0x2
 205 006a 04       		.byte	0x4
 206 006b 07       		.byte	0x7
 207 006c 58010000 		.4byte	.LASF8
 208 0070 02       		.uleb128 0x2
 209 0071 08       		.byte	0x8
 210 0072 05       		.byte	0x5
 211 0073 2D020000 		.4byte	.LASF9
 212 0077 02       		.uleb128 0x2
 213 0078 08       		.byte	0x8
 214 0079 07       		.byte	0x7
 215 007a C1010000 		.4byte	.LASF10
 216 007e 04       		.uleb128 0x4
ARM GAS  C:\Users\julei\AppData\Local\Temp\cc3Ta1MN.s 			page 6


 217 007f 04       		.byte	0x4
 218 0080 05       		.byte	0x5
 219 0081 696E7400 		.ascii	"int\000"
 220 0085 02       		.uleb128 0x2
 221 0086 04       		.byte	0x4
 222 0087 07       		.byte	0x7
 223 0088 B4010000 		.4byte	.LASF11
 224 008c 03       		.uleb128 0x3
 225 008d D8010000 		.4byte	.LASF12
 226 0091 03       		.byte	0x3
 227 0092 18       		.byte	0x18
 228 0093 2C000000 		.4byte	0x2c
 229 0097 03       		.uleb128 0x3
 230 0098 8E020000 		.4byte	.LASF13
 231 009c 03       		.byte	0x3
 232 009d 24       		.byte	0x24
 233 009e 45000000 		.4byte	0x45
 234 00a2 03       		.uleb128 0x3
 235 00a3 02020000 		.4byte	.LASF14
 236 00a7 03       		.byte	0x3
 237 00a8 2C       		.byte	0x2c
 238 00a9 57000000 		.4byte	0x57
 239 00ad 02       		.uleb128 0x2
 240 00ae 04       		.byte	0x4
 241 00af 04       		.byte	0x4
 242 00b0 B6000000 		.4byte	.LASF15
 243 00b4 02       		.uleb128 0x2
 244 00b5 08       		.byte	0x8
 245 00b6 04       		.byte	0x4
 246 00b7 9E000000 		.4byte	.LASF16
 247 00bb 02       		.uleb128 0x2
 248 00bc 01       		.byte	0x1
 249 00bd 08       		.byte	0x8
 250 00be 42020000 		.4byte	.LASF17
 251 00c2 02       		.uleb128 0x2
 252 00c3 08       		.byte	0x8
 253 00c4 04       		.byte	0x4
 254 00c5 A0020000 		.4byte	.LASF18
 255 00c9 02       		.uleb128 0x2
 256 00ca 04       		.byte	0x4
 257 00cb 07       		.byte	0x7
 258 00cc 0A020000 		.4byte	.LASF19
 259 00d0 05       		.uleb128 0x5
 260 00d1 AF010000 		.4byte	.LASF37
 261 00d5 01       		.byte	0x1
 262 00d6 14       		.byte	0x14
 263 00d7 7E000000 		.4byte	0x7e
 264 00db 00000000 		.4byte	.LFB64
 265 00df 80000000 		.4byte	.LFE64-.LFB64
 266 00e3 01       		.uleb128 0x1
 267 00e4 9C       		.byte	0x9c
 268 00e5 ED010000 		.4byte	0x1ed
 269 00e9 06       		.uleb128 0x6
 270 00ea 14000000 		.4byte	.LBB2
 271 00ee 3A000000 		.4byte	.LBE2-.LBB2
 272 00f2 7B010000 		.4byte	0x17b
 273 00f6 07       		.uleb128 0x7
ARM GAS  C:\Users\julei\AppData\Local\Temp\cc3Ta1MN.s 			page 7


 274 00f7 6C656E00 		.ascii	"len\000"
 275 00fb 01       		.byte	0x1
 276 00fc 21       		.byte	0x21
 277 00fd 8C000000 		.4byte	0x8c
 278 0101 00000000 		.4byte	.LLST0
 279 0105 08       		.uleb128 0x8
 280 0106 F9010000 		.4byte	.LASF20
 281 010a 01       		.byte	0x1
 282 010b 29       		.byte	0x29
 283 010c ED010000 		.4byte	0x1ed
 284 0110 02       		.uleb128 0x2
 285 0111 91       		.byte	0x91
 286 0112 58       		.sleb128 -40
 287 0113 09       		.uleb128 0x9
 288 0114 18000000 		.4byte	.LVL2
 289 0118 40020000 		.4byte	0x240
 290 011c 09       		.uleb128 0x9
 291 011d 1E000000 		.4byte	.LVL4
 292 0121 4B020000 		.4byte	0x24b
 293 0125 0A       		.uleb128 0xa
 294 0126 28000000 		.4byte	.LVL5
 295 012a 56020000 		.4byte	0x256
 296 012e 3F010000 		.4byte	0x13f
 297 0132 0B       		.uleb128 0xb
 298 0133 01       		.uleb128 0x1
 299 0134 50       		.byte	0x50
 300 0135 02       		.uleb128 0x2
 301 0136 74       		.byte	0x74
 302 0137 00       		.sleb128 0
 303 0138 0B       		.uleb128 0xb
 304 0139 01       		.uleb128 0x1
 305 013a 51       		.byte	0x51
 306 013b 02       		.uleb128 0x2
 307 013c 75       		.byte	0x75
 308 013d 00       		.sleb128 0
 309 013e 00       		.byte	0
 310 013f 0A       		.uleb128 0xa
 311 0140 30000000 		.4byte	.LVL6
 312 0144 61020000 		.4byte	0x261
 313 0148 5C010000 		.4byte	0x15c
 314 014c 0B       		.uleb128 0xb
 315 014d 01       		.uleb128 0x1
 316 014e 50       		.byte	0x50
 317 014f 05       		.uleb128 0x5
 318 0150 03       		.byte	0x3
 319 0151 00000000 		.4byte	.LC0
 320 0155 0B       		.uleb128 0xb
 321 0156 01       		.uleb128 0x1
 322 0157 51       		.byte	0x51
 323 0158 02       		.uleb128 0x2
 324 0159 74       		.byte	0x74
 325 015a 00       		.sleb128 0
 326 015b 00       		.byte	0
 327 015c 09       		.uleb128 0x9
 328 015d 46000000 		.4byte	.LVL8
 329 0161 6C020000 		.4byte	0x26c
 330 0165 0C       		.uleb128 0xc
ARM GAS  C:\Users\julei\AppData\Local\Temp\cc3Ta1MN.s 			page 8


 331 0166 4E000000 		.4byte	.LVL9
 332 016a 77020000 		.4byte	0x277
 333 016e 0B       		.uleb128 0xb
 334 016f 01       		.uleb128 0x1
 335 0170 50       		.byte	0x50
 336 0171 02       		.uleb128 0x2
 337 0172 7D       		.byte	0x7d
 338 0173 00       		.sleb128 0
 339 0174 0B       		.uleb128 0xb
 340 0175 01       		.uleb128 0x1
 341 0176 51       		.byte	0x51
 342 0177 01       		.uleb128 0x1
 343 0178 45       		.byte	0x45
 344 0179 00       		.byte	0
 345 017a 00       		.byte	0
 346 017b 06       		.uleb128 0x6
 347 017c 58000000 		.4byte	.LBB3
 348 0180 10000000 		.4byte	.LBE3-.LBB3
 349 0184 C2010000 		.4byte	0x1c2
 350 0188 0D       		.uleb128 0xd
 351 0189 6C656E00 		.ascii	"len\000"
 352 018d 01       		.byte	0x1
 353 018e 32       		.byte	0x32
 354 018f 8C000000 		.4byte	0x8c
 355 0193 09       		.uleb128 0x9
 356 0194 5C000000 		.4byte	.LVL11
 357 0198 82020000 		.4byte	0x282
 358 019c 09       		.uleb128 0x9
 359 019d 60000000 		.4byte	.LVL12
 360 01a1 6C020000 		.4byte	0x26c
 361 01a5 0C       		.uleb128 0xc
 362 01a6 68000000 		.4byte	.LVL13
 363 01aa 61020000 		.4byte	0x261
 364 01ae 0B       		.uleb128 0xb
 365 01af 01       		.uleb128 0x1
 366 01b0 50       		.byte	0x50
 367 01b1 05       		.uleb128 0x5
 368 01b2 03       		.byte	0x3
 369 01b3 14000000 		.4byte	.LC2
 370 01b7 0B       		.uleb128 0xb
 371 01b8 01       		.uleb128 0x1
 372 01b9 51       		.byte	0x51
 373 01ba 05       		.uleb128 0x5
 374 01bb 03       		.byte	0x3
 375 01bc 00000000 		.4byte	buffer
 376 01c0 00       		.byte	0
 377 01c1 00       		.byte	0
 378 01c2 09       		.uleb128 0x9
 379 01c3 0A000000 		.4byte	.LVL0
 380 01c7 8D020000 		.4byte	0x28d
 381 01cb 09       		.uleb128 0x9
 382 01cc 0E000000 		.4byte	.LVL1
 383 01d0 98020000 		.4byte	0x298
 384 01d4 09       		.uleb128 0x9
 385 01d5 52000000 		.4byte	.LVL10
 386 01d9 98020000 		.4byte	0x298
 387 01dd 0C       		.uleb128 0xc
ARM GAS  C:\Users\julei\AppData\Local\Temp\cc3Ta1MN.s 			page 9


 388 01de 6E000000 		.4byte	.LVL14
 389 01e2 A3020000 		.4byte	0x2a3
 390 01e6 0B       		.uleb128 0xb
 391 01e7 01       		.uleb128 0x1
 392 01e8 50       		.byte	0x50
 393 01e9 01       		.uleb128 0x1
 394 01ea 31       		.byte	0x31
 395 01eb 00       		.byte	0
 396 01ec 00       		.byte	0
 397 01ed 0E       		.uleb128 0xe
 398 01ee BB000000 		.4byte	0xbb
 399 01f2 FD010000 		.4byte	0x1fd
 400 01f6 0F       		.uleb128 0xf
 401 01f7 C9000000 		.4byte	0xc9
 402 01fb 14       		.byte	0x14
 403 01fc 00       		.byte	0
 404 01fd 10       		.uleb128 0x10
 405 01fe 80010000 		.4byte	.LASF21
 406 0202 04       		.byte	0x4
 407 0203 1207     		.2byte	0x712
 408 0205 09020000 		.4byte	0x209
 409 0209 11       		.uleb128 0x11
 410 020a A2000000 		.4byte	0xa2
 411 020e 0E       		.uleb128 0xe
 412 020f 8C000000 		.4byte	0x8c
 413 0213 1E020000 		.4byte	0x21e
 414 0217 0F       		.uleb128 0xf
 415 0218 C9000000 		.4byte	0xc9
 416 021c FF       		.byte	0xff
 417 021d 00       		.byte	0
 418 021e 12       		.uleb128 0x12
 419 021f 87020000 		.4byte	.LASF22
 420 0223 01       		.byte	0x1
 421 0224 11       		.byte	0x11
 422 0225 0E020000 		.4byte	0x20e
 423 0229 05       		.uleb128 0x5
 424 022a 03       		.byte	0x3
 425 022b 00000000 		.4byte	buffer
 426 022f 12       		.uleb128 0x12
 427 0230 00000000 		.4byte	.LASF23
 428 0234 01       		.byte	0x1
 429 0235 12       		.byte	0x12
 430 0236 97000000 		.4byte	0x97
 431 023a 05       		.uleb128 0x5
 432 023b 03       		.byte	0x3
 433 023c 00000000 		.4byte	bufferIndex
 434 0240 13       		.uleb128 0x13
 435 0241 E0010000 		.4byte	.LASF24
 436 0245 E0010000 		.4byte	.LASF24
 437 0249 05       		.byte	0x5
 438 024a C9       		.byte	0xc9
 439 024b 13       		.uleb128 0x13
 440 024c 66020000 		.4byte	.LASF25
 441 0250 66020000 		.4byte	.LASF25
 442 0254 05       		.byte	0x5
 443 0255 CB       		.byte	0xcb
 444 0256 13       		.uleb128 0x13
ARM GAS  C:\Users\julei\AppData\Local\Temp\cc3Ta1MN.s 			page 10


 445 0257 6A010000 		.4byte	.LASF26
 446 025b 6A010000 		.4byte	.LASF26
 447 025f 05       		.byte	0x5
 448 0260 C5       		.byte	0xc5
 449 0261 13       		.uleb128 0x13
 450 0262 5F020000 		.4byte	.LASF27
 451 0266 5F020000 		.4byte	.LASF27
 452 026a 06       		.byte	0x6
 453 026b BB       		.byte	0xbb
 454 026c 13       		.uleb128 0x13
 455 026d 47020000 		.4byte	.LASF28
 456 0271 47020000 		.4byte	.LASF28
 457 0275 05       		.byte	0x5
 458 0276 CC       		.byte	0xcc
 459 0277 13       		.uleb128 0x13
 460 0278 98010000 		.4byte	.LASF29
 461 027c 98010000 		.4byte	.LASF29
 462 0280 05       		.byte	0x5
 463 0281 C7       		.byte	0xc7
 464 0282 13       		.uleb128 0x13
 465 0283 13020000 		.4byte	.LASF30
 466 0287 13020000 		.4byte	.LASF30
 467 028b 05       		.byte	0x5
 468 028c CA       		.byte	0xca
 469 028d 13       		.uleb128 0x13
 470 028e 0C000000 		.4byte	.LASF31
 471 0292 0C000000 		.4byte	.LASF31
 472 0296 05       		.byte	0x5
 473 0297 93       		.byte	0x93
 474 0298 13       		.uleb128 0x13
 475 0299 A5000000 		.4byte	.LASF32
 476 029d A5000000 		.4byte	.LASF32
 477 02a1 05       		.byte	0x5
 478 02a2 BE       		.byte	0xbe
 479 02a3 13       		.uleb128 0x13
 480 02a4 B8020000 		.4byte	.LASF33
 481 02a8 B8020000 		.4byte	.LASF33
 482 02ac 07       		.byte	0x7
 483 02ad 76       		.byte	0x76
 484 02ae 00       		.byte	0
 485              		.section	.debug_abbrev,"",%progbits
 486              	.Ldebug_abbrev0:
 487 0000 01       		.uleb128 0x1
 488 0001 11       		.uleb128 0x11
 489 0002 01       		.byte	0x1
 490 0003 25       		.uleb128 0x25
 491 0004 0E       		.uleb128 0xe
 492 0005 13       		.uleb128 0x13
 493 0006 0B       		.uleb128 0xb
 494 0007 03       		.uleb128 0x3
 495 0008 0E       		.uleb128 0xe
 496 0009 1B       		.uleb128 0x1b
 497 000a 0E       		.uleb128 0xe
 498 000b 55       		.uleb128 0x55
 499 000c 17       		.uleb128 0x17
 500 000d 11       		.uleb128 0x11
 501 000e 01       		.uleb128 0x1
ARM GAS  C:\Users\julei\AppData\Local\Temp\cc3Ta1MN.s 			page 11


 502 000f 10       		.uleb128 0x10
 503 0010 17       		.uleb128 0x17
 504 0011 00       		.byte	0
 505 0012 00       		.byte	0
 506 0013 02       		.uleb128 0x2
 507 0014 24       		.uleb128 0x24
 508 0015 00       		.byte	0
 509 0016 0B       		.uleb128 0xb
 510 0017 0B       		.uleb128 0xb
 511 0018 3E       		.uleb128 0x3e
 512 0019 0B       		.uleb128 0xb
 513 001a 03       		.uleb128 0x3
 514 001b 0E       		.uleb128 0xe
 515 001c 00       		.byte	0
 516 001d 00       		.byte	0
 517 001e 03       		.uleb128 0x3
 518 001f 16       		.uleb128 0x16
 519 0020 00       		.byte	0
 520 0021 03       		.uleb128 0x3
 521 0022 0E       		.uleb128 0xe
 522 0023 3A       		.uleb128 0x3a
 523 0024 0B       		.uleb128 0xb
 524 0025 3B       		.uleb128 0x3b
 525 0026 0B       		.uleb128 0xb
 526 0027 49       		.uleb128 0x49
 527 0028 13       		.uleb128 0x13
 528 0029 00       		.byte	0
 529 002a 00       		.byte	0
 530 002b 04       		.uleb128 0x4
 531 002c 24       		.uleb128 0x24
 532 002d 00       		.byte	0
 533 002e 0B       		.uleb128 0xb
 534 002f 0B       		.uleb128 0xb
 535 0030 3E       		.uleb128 0x3e
 536 0031 0B       		.uleb128 0xb
 537 0032 03       		.uleb128 0x3
 538 0033 08       		.uleb128 0x8
 539 0034 00       		.byte	0
 540 0035 00       		.byte	0
 541 0036 05       		.uleb128 0x5
 542 0037 2E       		.uleb128 0x2e
 543 0038 01       		.byte	0x1
 544 0039 3F       		.uleb128 0x3f
 545 003a 19       		.uleb128 0x19
 546 003b 03       		.uleb128 0x3
 547 003c 0E       		.uleb128 0xe
 548 003d 3A       		.uleb128 0x3a
 549 003e 0B       		.uleb128 0xb
 550 003f 3B       		.uleb128 0x3b
 551 0040 0B       		.uleb128 0xb
 552 0041 27       		.uleb128 0x27
 553 0042 19       		.uleb128 0x19
 554 0043 49       		.uleb128 0x49
 555 0044 13       		.uleb128 0x13
 556 0045 8701     		.uleb128 0x87
 557 0047 19       		.uleb128 0x19
 558 0048 11       		.uleb128 0x11
ARM GAS  C:\Users\julei\AppData\Local\Temp\cc3Ta1MN.s 			page 12


 559 0049 01       		.uleb128 0x1
 560 004a 12       		.uleb128 0x12
 561 004b 06       		.uleb128 0x6
 562 004c 40       		.uleb128 0x40
 563 004d 18       		.uleb128 0x18
 564 004e 9742     		.uleb128 0x2117
 565 0050 19       		.uleb128 0x19
 566 0051 01       		.uleb128 0x1
 567 0052 13       		.uleb128 0x13
 568 0053 00       		.byte	0
 569 0054 00       		.byte	0
 570 0055 06       		.uleb128 0x6
 571 0056 0B       		.uleb128 0xb
 572 0057 01       		.byte	0x1
 573 0058 11       		.uleb128 0x11
 574 0059 01       		.uleb128 0x1
 575 005a 12       		.uleb128 0x12
 576 005b 06       		.uleb128 0x6
 577 005c 01       		.uleb128 0x1
 578 005d 13       		.uleb128 0x13
 579 005e 00       		.byte	0
 580 005f 00       		.byte	0
 581 0060 07       		.uleb128 0x7
 582 0061 34       		.uleb128 0x34
 583 0062 00       		.byte	0
 584 0063 03       		.uleb128 0x3
 585 0064 08       		.uleb128 0x8
 586 0065 3A       		.uleb128 0x3a
 587 0066 0B       		.uleb128 0xb
 588 0067 3B       		.uleb128 0x3b
 589 0068 0B       		.uleb128 0xb
 590 0069 49       		.uleb128 0x49
 591 006a 13       		.uleb128 0x13
 592 006b 02       		.uleb128 0x2
 593 006c 17       		.uleb128 0x17
 594 006d 00       		.byte	0
 595 006e 00       		.byte	0
 596 006f 08       		.uleb128 0x8
 597 0070 34       		.uleb128 0x34
 598 0071 00       		.byte	0
 599 0072 03       		.uleb128 0x3
 600 0073 0E       		.uleb128 0xe
 601 0074 3A       		.uleb128 0x3a
 602 0075 0B       		.uleb128 0xb
 603 0076 3B       		.uleb128 0x3b
 604 0077 0B       		.uleb128 0xb
 605 0078 49       		.uleb128 0x49
 606 0079 13       		.uleb128 0x13
 607 007a 02       		.uleb128 0x2
 608 007b 18       		.uleb128 0x18
 609 007c 00       		.byte	0
 610 007d 00       		.byte	0
 611 007e 09       		.uleb128 0x9
 612 007f 898201   		.uleb128 0x4109
 613 0082 00       		.byte	0
 614 0083 11       		.uleb128 0x11
 615 0084 01       		.uleb128 0x1
ARM GAS  C:\Users\julei\AppData\Local\Temp\cc3Ta1MN.s 			page 13


 616 0085 31       		.uleb128 0x31
 617 0086 13       		.uleb128 0x13
 618 0087 00       		.byte	0
 619 0088 00       		.byte	0
 620 0089 0A       		.uleb128 0xa
 621 008a 898201   		.uleb128 0x4109
 622 008d 01       		.byte	0x1
 623 008e 11       		.uleb128 0x11
 624 008f 01       		.uleb128 0x1
 625 0090 31       		.uleb128 0x31
 626 0091 13       		.uleb128 0x13
 627 0092 01       		.uleb128 0x1
 628 0093 13       		.uleb128 0x13
 629 0094 00       		.byte	0
 630 0095 00       		.byte	0
 631 0096 0B       		.uleb128 0xb
 632 0097 8A8201   		.uleb128 0x410a
 633 009a 00       		.byte	0
 634 009b 02       		.uleb128 0x2
 635 009c 18       		.uleb128 0x18
 636 009d 9142     		.uleb128 0x2111
 637 009f 18       		.uleb128 0x18
 638 00a0 00       		.byte	0
 639 00a1 00       		.byte	0
 640 00a2 0C       		.uleb128 0xc
 641 00a3 898201   		.uleb128 0x4109
 642 00a6 01       		.byte	0x1
 643 00a7 11       		.uleb128 0x11
 644 00a8 01       		.uleb128 0x1
 645 00a9 31       		.uleb128 0x31
 646 00aa 13       		.uleb128 0x13
 647 00ab 00       		.byte	0
 648 00ac 00       		.byte	0
 649 00ad 0D       		.uleb128 0xd
 650 00ae 34       		.uleb128 0x34
 651 00af 00       		.byte	0
 652 00b0 03       		.uleb128 0x3
 653 00b1 08       		.uleb128 0x8
 654 00b2 3A       		.uleb128 0x3a
 655 00b3 0B       		.uleb128 0xb
 656 00b4 3B       		.uleb128 0x3b
 657 00b5 0B       		.uleb128 0xb
 658 00b6 49       		.uleb128 0x49
 659 00b7 13       		.uleb128 0x13
 660 00b8 00       		.byte	0
 661 00b9 00       		.byte	0
 662 00ba 0E       		.uleb128 0xe
 663 00bb 01       		.uleb128 0x1
 664 00bc 01       		.byte	0x1
 665 00bd 49       		.uleb128 0x49
 666 00be 13       		.uleb128 0x13
 667 00bf 01       		.uleb128 0x1
 668 00c0 13       		.uleb128 0x13
 669 00c1 00       		.byte	0
 670 00c2 00       		.byte	0
 671 00c3 0F       		.uleb128 0xf
 672 00c4 21       		.uleb128 0x21
ARM GAS  C:\Users\julei\AppData\Local\Temp\cc3Ta1MN.s 			page 14


 673 00c5 00       		.byte	0
 674 00c6 49       		.uleb128 0x49
 675 00c7 13       		.uleb128 0x13
 676 00c8 2F       		.uleb128 0x2f
 677 00c9 0B       		.uleb128 0xb
 678 00ca 00       		.byte	0
 679 00cb 00       		.byte	0
 680 00cc 10       		.uleb128 0x10
 681 00cd 34       		.uleb128 0x34
 682 00ce 00       		.byte	0
 683 00cf 03       		.uleb128 0x3
 684 00d0 0E       		.uleb128 0xe
 685 00d1 3A       		.uleb128 0x3a
 686 00d2 0B       		.uleb128 0xb
 687 00d3 3B       		.uleb128 0x3b
 688 00d4 05       		.uleb128 0x5
 689 00d5 49       		.uleb128 0x49
 690 00d6 13       		.uleb128 0x13
 691 00d7 3F       		.uleb128 0x3f
 692 00d8 19       		.uleb128 0x19
 693 00d9 3C       		.uleb128 0x3c
 694 00da 19       		.uleb128 0x19
 695 00db 00       		.byte	0
 696 00dc 00       		.byte	0
 697 00dd 11       		.uleb128 0x11
 698 00de 35       		.uleb128 0x35
 699 00df 00       		.byte	0
 700 00e0 49       		.uleb128 0x49
 701 00e1 13       		.uleb128 0x13
 702 00e2 00       		.byte	0
 703 00e3 00       		.byte	0
 704 00e4 12       		.uleb128 0x12
 705 00e5 34       		.uleb128 0x34
 706 00e6 00       		.byte	0
 707 00e7 03       		.uleb128 0x3
 708 00e8 0E       		.uleb128 0xe
 709 00e9 3A       		.uleb128 0x3a
 710 00ea 0B       		.uleb128 0xb
 711 00eb 3B       		.uleb128 0x3b
 712 00ec 0B       		.uleb128 0xb
 713 00ed 49       		.uleb128 0x49
 714 00ee 13       		.uleb128 0x13
 715 00ef 3F       		.uleb128 0x3f
 716 00f0 19       		.uleb128 0x19
 717 00f1 02       		.uleb128 0x2
 718 00f2 18       		.uleb128 0x18
 719 00f3 00       		.byte	0
 720 00f4 00       		.byte	0
 721 00f5 13       		.uleb128 0x13
 722 00f6 2E       		.uleb128 0x2e
 723 00f7 00       		.byte	0
 724 00f8 3F       		.uleb128 0x3f
 725 00f9 19       		.uleb128 0x19
 726 00fa 3C       		.uleb128 0x3c
 727 00fb 19       		.uleb128 0x19
 728 00fc 6E       		.uleb128 0x6e
 729 00fd 0E       		.uleb128 0xe
ARM GAS  C:\Users\julei\AppData\Local\Temp\cc3Ta1MN.s 			page 15


 730 00fe 03       		.uleb128 0x3
 731 00ff 0E       		.uleb128 0xe
 732 0100 3A       		.uleb128 0x3a
 733 0101 0B       		.uleb128 0xb
 734 0102 3B       		.uleb128 0x3b
 735 0103 0B       		.uleb128 0xb
 736 0104 00       		.byte	0
 737 0105 00       		.byte	0
 738 0106 00       		.byte	0
 739              		.section	.debug_loc,"",%progbits
 740              	.Ldebug_loc0:
 741              	.LLST0:
 742 0000 1A000000 		.4byte	.LVL3
 743 0004 34000000 		.4byte	.LVL7
 744 0008 0100     		.2byte	0x1
 745 000a 55       		.byte	0x55
 746 000b 00000000 		.4byte	0
 747 000f 00000000 		.4byte	0
 748              		.section	.debug_aranges,"",%progbits
 749 0000 1C000000 		.4byte	0x1c
 750 0004 0200     		.2byte	0x2
 751 0006 00000000 		.4byte	.Ldebug_info0
 752 000a 04       		.byte	0x4
 753 000b 00       		.byte	0
 754 000c 0000     		.2byte	0
 755 000e 0000     		.2byte	0
 756 0010 00000000 		.4byte	.LFB64
 757 0014 80000000 		.4byte	.LFE64-.LFB64
 758 0018 00000000 		.4byte	0
 759 001c 00000000 		.4byte	0
 760              		.section	.debug_ranges,"",%progbits
 761              	.Ldebug_ranges0:
 762 0000 00000000 		.4byte	.LFB64
 763 0004 80000000 		.4byte	.LFE64
 764 0008 00000000 		.4byte	0
 765 000c 00000000 		.4byte	0
 766              		.section	.debug_line,"",%progbits
 767              	.Ldebug_line0:
 768 0000 EC010000 		.section	.debug_str,"MS",%progbits,1
 768      0200C701 
 768      00000201 
 768      FB0E0D00 
 768      01010101 
 769              	.LASF23:
 770 0000 62756666 		.ascii	"bufferIndex\000"
 770      6572496E 
 770      64657800 
 771              	.LASF31:
 772 000c 49324353 		.ascii	"I2CS_Start\000"
 772      5F537461 
 772      727400
 773              	.LASF3:
 774 0017 5F5F7569 		.ascii	"__uint8_t\000"
 774      6E74385F 
 774      7400
 775              	.LASF6:
 776 0021 5F5F696E 		.ascii	"__int32_t\000"
ARM GAS  C:\Users\julei\AppData\Local\Temp\cc3Ta1MN.s 			page 16


 776      7433325F 
 776      7400
 777              	.LASF5:
 778 002b 73686F72 		.ascii	"short unsigned int\000"
 778      7420756E 
 778      7369676E 
 778      65642069 
 778      6E7400
 779              	.LASF36:
 780 003e 433A5C55 		.ascii	"C:\\Users\\julei\\Desktop\\SW3\\Projekt 3\\GIT_code"
 780      73657273 
 780      5C6A756C 
 780      65695C44 
 780      65736B74 
 781 006b 5C535733 		.ascii	"\\SW3_code\\Psock_code\\SW3_project\\SW3_project.cy"
 781      5F636F64 
 781      655C5073 
 781      6F636B5F 
 781      636F6465 
 782 009a 64736E00 		.ascii	"dsn\000"
 783              	.LASF16:
 784 009e 646F7562 		.ascii	"double\000"
 784      6C6500
 785              	.LASF32:
 786 00a5 49324353 		.ascii	"I2CS_SlaveStatus\000"
 786      5F536C61 
 786      76655374 
 786      61747573 
 786      00
 787              	.LASF15:
 788 00b6 666C6F61 		.ascii	"float\000"
 788      7400
 789              	.LASF1:
 790 00bc 756E7369 		.ascii	"unsigned char\000"
 790      676E6564 
 790      20636861 
 790      7200
 791              	.LASF34:
 792 00ca 474E5520 		.ascii	"GNU C11 5.4.1 20160609 (release) [ARM/embedded-5-br"
 792      43313120 
 792      352E342E 
 792      31203230 
 792      31363036 
 793 00fd 616E6368 		.ascii	"anch revision 237715] -mcpu=cortex-m3 -mthumb -g -O"
 793      20726576 
 793      6973696F 
 793      6E203233 
 793      37373135 
 794 0130 67202D66 		.ascii	"g -ffunction-sections -ffat-lto-objects\000"
 794      66756E63 
 794      74696F6E 
 794      2D736563 
 794      74696F6E 
 795              	.LASF8:
 796 0158 6C6F6E67 		.ascii	"long unsigned int\000"
 796      20756E73 
 796      69676E65 
ARM GAS  C:\Users\julei\AppData\Local\Temp\cc3Ta1MN.s 			page 17


 796      6420696E 
 796      7400
 797              	.LASF26:
 798 016a 49324353 		.ascii	"I2CS_SlaveInitReadBuf\000"
 798      5F536C61 
 798      7665496E 
 798      69745265 
 798      61644275 
 799              	.LASF21:
 800 0180 49544D5F 		.ascii	"ITM_RxBuffer\000"
 800      52784275 
 800      66666572 
 800      00
 801              	.LASF4:
 802 018d 5F5F7569 		.ascii	"__uint16_t\000"
 802      6E743136 
 802      5F7400
 803              	.LASF29:
 804 0198 49324353 		.ascii	"I2CS_SlaveInitWriteBuf\000"
 804      5F536C61 
 804      7665496E 
 804      69745772 
 804      69746542 
 805              	.LASF37:
 806 01af 6D61696E 		.ascii	"main\000"
 806      00
 807              	.LASF11:
 808 01b4 756E7369 		.ascii	"unsigned int\000"
 808      676E6564 
 808      20696E74 
 808      00
 809              	.LASF10:
 810 01c1 6C6F6E67 		.ascii	"long long unsigned int\000"
 810      206C6F6E 
 810      6720756E 
 810      7369676E 
 810      65642069 
 811              	.LASF12:
 812 01d8 75696E74 		.ascii	"uint8_t\000"
 812      385F7400 
 813              	.LASF24:
 814 01e0 49324353 		.ascii	"I2CS_SlaveGetReadBufSize\000"
 814      5F536C61 
 814      76654765 
 814      74526561 
 814      64427566 
 815              	.LASF20:
 816 01f9 72657370 		.ascii	"response\000"
 816      6F6E7365 
 816      00
 817              	.LASF14:
 818 0202 696E7433 		.ascii	"int32_t\000"
 818      325F7400 
 819              	.LASF19:
 820 020a 73697A65 		.ascii	"sizetype\000"
 820      74797065 
 820      00
ARM GAS  C:\Users\julei\AppData\Local\Temp\cc3Ta1MN.s 			page 18


 821              	.LASF30:
 822 0213 49324353 		.ascii	"I2CS_SlaveGetWriteBufSize\000"
 822      5F536C61 
 822      76654765 
 822      74577269 
 822      74654275 
 823              	.LASF9:
 824 022d 6C6F6E67 		.ascii	"long long int\000"
 824      206C6F6E 
 824      6720696E 
 824      7400
 825              	.LASF35:
 826 023b 6D61696E 		.ascii	"main.c\000"
 826      2E6300
 827              	.LASF17:
 828 0242 63686172 		.ascii	"char\000"
 828      00
 829              	.LASF28:
 830 0247 49324353 		.ascii	"I2CS_SlaveClearWriteBuf\000"
 830      5F536C61 
 830      7665436C 
 830      65617257 
 830      72697465 
 831              	.LASF27:
 832 025f 7072696E 		.ascii	"printf\000"
 832      746600
 833              	.LASF25:
 834 0266 49324353 		.ascii	"I2CS_SlaveClearReadBuf\000"
 834      5F536C61 
 834      7665436C 
 834      65617252 
 834      65616442 
 835              	.LASF2:
 836 027d 73686F72 		.ascii	"short int\000"
 836      7420696E 
 836      7400
 837              	.LASF22:
 838 0287 62756666 		.ascii	"buffer\000"
 838      657200
 839              	.LASF13:
 840 028e 75696E74 		.ascii	"uint16_t\000"
 840      31365F74 
 840      00
 841              	.LASF7:
 842 0297 6C6F6E67 		.ascii	"long int\000"
 842      20696E74 
 842      00
 843              	.LASF18:
 844 02a0 6C6F6E67 		.ascii	"long double\000"
 844      20646F75 
 844      626C6500 
 845              	.LASF0:
 846 02ac 7369676E 		.ascii	"signed char\000"
 846      65642063 
 846      68617200 
 847              	.LASF33:
 848 02b8 43794465 		.ascii	"CyDelay\000"
ARM GAS  C:\Users\julei\AppData\Local\Temp\cc3Ta1MN.s 			page 19


 848      6C617900 
 849              		.ident	"GCC: (GNU Tools for ARM Embedded Processors) 5.4.1 20160609 (release) [ARM/embedded-5-bran
