--------------- Build Started: 04/24/2023 15:53:45 Project: SW3_project, Configuration: ARM GCC 5.4-2016-q2-update Debug ---------------
The code generation step is up to date.
arm-none-eabi-gcc.exe -mcpu=cortex-m3 -mthumb -I. -IGenerated_Source\PSoC5 -Wa,-alh=.\CortexM3\ARM_GCC_541\Debug/main.lst -g -D DEBUG -D CY_CORE_ID=0 -Wall -ffunction-sections -ffat-lto-objects -Og -c main.c -o .\CortexM3\ARM_GCC_541\Debug\main.o
main.c: In function 'main':
main.c:43:36: warning: pointer targets in passing argument 1 of 'I2CS_SlaveInitWriteBuf' differ in signedness [-Wpointer-sign]
             I2CS_SlaveInitWriteBuf(response, sizeof(response));
                                    ^
In file included from Generated_Source\PSoC5/project.h:26:0,
                 from main.c:12:
Generated_Source\PSoC5/I2CS.h:199:11: note: expected 'uint8 * {aka unsigned char *}' but argument is of type 'char *'
     void  I2CS_SlaveInitWriteBuf(uint8 * wrBuf, uint8 bufSize) \
           ^
main.c:50:21: warning: unused variable 'len' [-Wunused-variable]
             uint8_t len = I2CS_SlaveGetWriteBufSize();
                     ^
arm-none-eabi-ar.exe -rs .\CortexM3\ARM_GCC_541\Debug\SW3_project.a .\CortexM3\ARM_GCC_541\Debug\SDA_1.o .\CortexM3\ARM_GCC_541\Debug\SCL_1.o .\CortexM3\ARM_GCC_541\Debug\CyDmac.o .\CortexM3\ARM_GCC_541\Debug\CyFlash.o .\CortexM3\ARM_GCC_541\Debug\CyLib.o .\CortexM3\ARM_GCC_541\Debug\cyPm.o .\CortexM3\ARM_GCC_541\Debug\CySpc.o .\CortexM3\ARM_GCC_541\Debug\cyutils.o .\CortexM3\ARM_GCC_541\Debug\cy_em_eeprom.o .\CortexM3\ARM_GCC_541\Debug\I2CS.o .\CortexM3\ARM_GCC_541\Debug\I2CS_BOOT.o .\CortexM3\ARM_GCC_541\Debug\I2CS_INT.o .\CortexM3\ARM_GCC_541\Debug\I2CS_PM.o .\CortexM3\ARM_GCC_541\Debug\I2CS_SLAVE.o .\CortexM3\ARM_GCC_541\Debug\I2CS_MASTER.o .\CortexM3\ARM_GCC_541\Debug\CyBootAsmGnu.o
arm-none-eabi-ar.exe: creating .\CortexM3\ARM_GCC_541\Debug\SW3_project.a
arm-none-eabi-gcc.exe -Wl,--start-group -o "C:\Users\julei\Desktop\SW3\Projekt 3\GIT_code\SW3_code\Psock_code\SW3_project\SW3_project.cydsn\CortexM3\ARM_GCC_541\Debug\SW3_project.elf" .\CortexM3\ARM_GCC_541\Debug\main.o .\CortexM3\ARM_GCC_541\Debug\cyfitter_cfg.o .\CortexM3\ARM_GCC_541\Debug\cymetadata.o .\CortexM3\ARM_GCC_541\Debug\Cm3Start.o .\CortexM3\ARM_GCC_541\Debug\SW3_project.a "C:\Program Files (x86)\Cypress\PSoC Creator\4.4\PSoC Creator\psoc\content\cycomponentlibrary\CyComponentLibrary.cylib\CortexM3\ARM_GCC_541\Debug\CyComponentLibrary.a" -mcpu=cortex-m3 -mthumb -L Generated_Source\PSoC5 -Wl,-Map,.\CortexM3\ARM_GCC_541\Debug/SW3_project.map -T Generated_Source\PSoC5\cm3gcc.ld -specs=nano.specs -Wl,--gc-sections -g -ffunction-sections -Og -ffat-lto-objects -Wl,--end-group
cyelftool.exe -C "C:\Users\julei\Desktop\SW3\Projekt 3\GIT_code\SW3_code\Psock_code\SW3_project\SW3_project.cydsn\CortexM3\ARM_GCC_541\Debug\SW3_project.elf" --flash_row_size 256 --flash_size 262144 --flash_offset 0x00000000
No ELF section .cychecksum found, creating one
Application checksum calculated and stored in ELF section .cychecksum
Checksum calculated and stored in ELF section .cymeta
cyelftool.exe -S "C:\Users\julei\Desktop\SW3\Projekt 3\GIT_code\SW3_code\Psock_code\SW3_project\SW3_project.cydsn\CortexM3\ARM_GCC_541\Debug\SW3_project.elf"
Flash used: 6304 of 262144 bytes (2,4 %).
SRAM used: 2817 of 65536 bytes (4,3 %). Stack: 2048 bytes. Heap: 128 bytes.
--------------- Build Succeeded: 04/24/2023 15:53:45 ---------------
